<?xml version="1.0" encoding="UTF-8"?>
<!-- Generated by org.testng.reporters.JUnitXMLReporter -->
<testsuite ignored="0" hostname="KundanaSansitha" failures="0" tests="3" name="Default test" time="0.04" errors="0" timestamp="2023-01-12T23:28:50 EST">
  <testcase classname="Project.Programs.Program1" name="printMethod2" time="0.006"/>
  <testcase classname="Project.Programs.Program1" name="printMethod1" time="0.002"/>
  <testcase classname="Project.Programs.Program1" name="printMethod3" time="0.001"/>
</testsuite> <!-- Default test -->
