<?xml version="1.0" encoding="UTF-8"?>
<testng-results ignored="0" total="3" passed="3" failed="0" skipped="0">
  <reporter-output>
  </reporter-output>
  <suite started-at="2023-01-12T23:28:50 EST" name="Default suite" finished-at="2023-01-12T23:28:50 EST" duration-ms="40">
    <groups>
    </groups>
    <test started-at="2023-01-12T23:28:50 EST" name="Default test" finished-at="2023-01-12T23:28:50 EST" duration-ms="40">
      <class name="Project.Programs.Program1">
        <test-method signature="printMethod2()[pri:1, instance:Project.Programs.Program1@6a6afff2]" started-at="2023-01-12T23:28:50 EST" name="printMethod2" finished-at="2023-01-12T23:28:50 EST" duration-ms="6" status="PASS">
          <reporter-output>
          </reporter-output>
        </test-method> <!-- printMethod2 -->
        <test-method signature="printMethod1()[pri:2, instance:Project.Programs.Program1@6a6afff2]" started-at="2023-01-12T23:28:50 EST" name="printMethod1" finished-at="2023-01-12T23:28:50 EST" duration-ms="2" status="PASS">
          <reporter-output>
          </reporter-output>
        </test-method> <!-- printMethod1 -->
        <test-method signature="printMethod3()[pri:3, instance:Project.Programs.Program1@6a6afff2]" started-at="2023-01-12T23:28:50 EST" name="printMethod3" finished-at="2023-01-12T23:28:50 EST" duration-ms="1" status="PASS">
          <reporter-output>
          </reporter-output>
        </test-method> <!-- printMethod3 -->
      </class> <!-- Project.Programs.Program1 -->
    </test> <!-- Default test -->
  </suite> <!-- Default suite -->
</testng-results>
